#
# There is insufficient memory for the Java Runtime Environment to continue.
# Native memory allocation (mmap) failed to map 130023424 bytes for G1 virtual space
# Possible reasons:
#   The system is out of physical RAM or swap space
#   The process is running with CompressedOops enabled, and the Java Heap may be blocking the growth of the native heap
# Possible solutions:
#   Reduce memory load on the system
#   Increase physical memory or swap space
#   Check if swap backing store is full
#   Decrease Java heap size (-Xmx/-Xms)
#   Decrease number of Java threads
#   Decrease Java thread stack sizes (-Xss)
#   Set larger code cache with -XX:ReservedCodeCacheSize=
#   JVM is running with Unscaled Compressed Oops mode in which the Java heap is
#     placed in the first 4GB address space. The Java Heap base address is the
#     maximum limit for the native heap growth. Please use -XX:HeapBaseMinAddress
#     to set the Java Heap base and to place the Java Heap above 4GB virtual address.
# This output file may be truncated or incomplete.
#
#  Out of Memory Error (os_windows.cpp:3530), pid=17600, tid=6456
#
# JRE version:  (18.0.2.1+1) (build )
# Java VM: Java HotSpot(TM) 64-Bit Server VM (18.0.2.1+1-1, mixed mode, sharing, tiered, compressed oops, compressed class ptrs, g1 gc, windows-amd64)
# No core dump will be written. Minidumps are not enabled by default on client versions of Windows
#

---------------  S U M M A R Y ------------

Command Line: -Dfile.encoding=UTF-8 -XX:+ShowCodeDetailsInExceptionMessages org.tnsif.ddecisionmaking.NestedIf

Host: 11th Gen Intel(R) Core(TM) i5-1135G7 @ 2.40GHz, 8 cores, 7G,  Windows 11 , 64 bit Build 22000 (10.0.22000.1516)
Time: Mon Jul 24 13:01:09 2023 India Standard Time elapsed time: 0.015919 seconds (0d 0h 0m 0s)

---------------  T H R E A D  ---------------

Current thread (0x00000131c85b0c30):  JavaThread "Unknown thread" [_thread_in_vm, id=6456, stack(0x0000002aad300000,0x0000002aad400000)]

Stack: [0x0000002aad300000,0x0000002aad400000]
Native frames: (J=compiled Java code, j=interpreted, Vv=VM code, C=native code)
V  [jvm.dll+0x6993aa]
V  [jvm.dll+0x7f46dd]
V  [jvm.dll+0x7f5fee]
V  [jvm.dll+0x7f66a3]
V  [jvm.dll+0x25cf1f]
V  [jvm.dll+0x6962f9]
V  [jvm.dll+0x68ae2a]
V  [jvm.dll+0x32255b]
V  [jvm.dll+0x329f36]
V  [jvm.dll+0x37eade]
V  [jvm.dll+0x37ed0f]
V  [jvm.dll+0x2fa2da]
V  [jvm.dll+0x2fb33d]
V  [jvm.dll+0x7c3310]
V  [jvm.dll+0x38be61]
V  [jvm.dll+0x7a2023]
V  [jvm.dll+0x40dc3f]
V  [jvm.dll+0x40f611]
C  [jli.dll+0x526b]
C  [ucrtbase.dll+0x26c0c]
C  [KERNEL32.DLL+0x155a0]
C  [ntdll.dll+0x485b]


---------------  P R O C E S S  ---------------

Threads class SMR info:
_java_thread_list=0x00007ffd43b9e550, length=0, elements={
}

Java Threads: ( => current thread )

Other Threads:
  0x00000131c860ff60 WorkerThread "GC Thread#0" [stack: 0x0000002aad400000,0x0000002aad500000] [id=1352]
  0x00000131c8620390 ConcurrentGCThread "G1 Main Marker" [stack: 0x0000002aad500000,0x0000002aad600000] [id=15884]
  0x00000131c8622c90 WorkerThread "G1 Conc#0" [stack: 0x0000002aad600000,0x0000002aad700000] [id=18668]

[error occurred during error reporting (printing all threads), id 0xc0000005, EXCEPTION_ACCESS_VIOLATION (0xc0000005) at pc=0x00007ffd433ca877]

VM state: not at safepoint (not fully initialized)

VM Mutex/Monitor currently owned by a thread:  ([mutex/lock_event])
[0x00000131c85abb00] Heap_lock - owner thread: 0x00000131c85b0c30

Heap address: 0x0000000085800000, size: 1960 MB, Compressed Oops mode: 32-bit

CDS archive(s) mapped at: [0x0000000000000000-0x0000000000000000-0x0000000000000000), size 0, SharedBaseAddress: 0x0000000800000000, ArchiveRelocationMode: 0.
Narrow klass base: 0x0000000000000000, Narrow klass shift: 0, Narrow klass range: 0x0

GC Precious Log:
 CardTable entry size: 512
 Card Set container configuration: InlinePtr #cards 5 size 8 Array Of Cards #cards 12 size 40 Howl #buckets 4 coarsen threshold 1843 Howl Bitmap #cards 512 size 80 coarsen threshold 460 Card regions per heap region 1 cards per card region 2048

Heap:
 garbage-first heap   total 0K, used 0K [0x0000000085800000, 0x0000000100000000)
  region size 1024K, 0 young (0K), 0 survivors (0K)

[error occurred during error reporting (printing heap information), id 0xc0000005, EXCEPTION_ACCESS_VIOLATION (0xc0000005) at pc=0x00007ffd437b1839]

GC Heap History (0 events):
No events

Deoptimization events (0 events):
No events

Classes loaded (0 events):
No events

Classes unloaded (0 events):
No events

Classes redefined (0 events):
No events

Internal exceptions (0 events):
No events

VM Operations (0 events):
No events

Events (1 events):
Event: 0.007 Loaded shared library C:\Program Files\Java\jdk-18.0.2.1\bin\java.dll


Dynamic libraries:
0x00007ff64fec0000 - 0x00007ff64fed0000 	C:\Program Files\Java\jdk-18.0.2.1\bin\javaw.exe
0x00007ffdad1e0000 - 0x00007ffdad3e9000 	C:\windows\SYSTEM32\ntdll.dll
0x00007ffdac220000 - 0x00007ffdac2de000 	C:\windows\System32\KERNEL32.DLL
0x00007ffdaab30000 - 0x00007ffdaaeac000 	C:\windows\System32\KERNELBASE.dll
0x00007ffdaa850000 - 0x00007ffdaa961000 	C:\windows\System32\ucrtbase.dll
0x00007ffd732d0000 - 0x00007ffd732ea000 	C:\Program Files\Java\jdk-18.0.2.1\bin\VCRUNTIME140.dll
0x00007ffd732b0000 - 0x00007ffd732c8000 	C:\Program Files\Java\jdk-18.0.2.1\bin\jli.dll
0x00007ffdab310000 - 0x00007ffdab3be000 	C:\windows\System32\ADVAPI32.dll
0x00007ffdac2e0000 - 0x00007ffdac383000 	C:\windows\System32\msvcrt.dll
0x00007ffdabe30000 - 0x00007ffdabece000 	C:\windows\System32\sechost.dll
0x00007ffdab540000 - 0x00007ffdab660000 	C:\windows\System32\RPCRT4.dll
0x00007ffdac8e0000 - 0x00007ffdaca8d000 	C:\windows\System32\USER32.dll
0x00007ffdaa820000 - 0x00007ffdaa846000 	C:\windows\System32\win32u.dll
0x00007ffd8b060000 - 0x00007ffd8b305000 	C:\windows\WinSxS\amd64_microsoft.windows.common-controls_6595b64144ccf1df_6.0.22000.120_none_9d947278b86cc467\COMCTL32.dll
0x00007ffdac070000 - 0x00007ffdac099000 	C:\windows\System32\GDI32.dll
0x00007ffdaaa10000 - 0x00007ffdaab28000 	C:\windows\System32\gdi32full.dll
0x00007ffdaa970000 - 0x00007ffdaaa0d000 	C:\windows\System32\msvcp_win.dll
0x00007ffda1ab0000 - 0x00007ffda1aba000 	C:\windows\SYSTEM32\VERSION.dll
0x00007ffdac0a0000 - 0x00007ffdac0d1000 	C:\windows\System32\IMM32.DLL
0x00007ffd82db0000 - 0x00007ffd82dbc000 	C:\Program Files\Java\jdk-18.0.2.1\bin\vcruntime140_1.dll
0x00007ffd73220000 - 0x00007ffd732ad000 	C:\Program Files\Java\jdk-18.0.2.1\bin\msvcp140.dll
0x00007ffd430c0000 - 0x00007ffd43cd1000 	C:\Program Files\Java\jdk-18.0.2.1\bin\server\jvm.dll
0x00007ffdac150000 - 0x00007ffdac158000 	C:\windows\System32\PSAPI.DLL
0x00007ffd81630000 - 0x00007ffd81639000 	C:\windows\SYSTEM32\WSOCK32.dll
0x00007ffda1d60000 - 0x00007ffda1d93000 	C:\windows\SYSTEM32\WINMM.dll
0x00007ffdab4d0000 - 0x00007ffdab53f000 	C:\windows\System32\WS2_32.dll
0x00007ffda9800000 - 0x00007ffda9818000 	C:\windows\SYSTEM32\kernel.appcore.dll
0x00007ffd809f0000 - 0x00007ffd809fa000 	C:\Program Files\Java\jdk-18.0.2.1\bin\jimage.dll
0x00007ffda7c10000 - 0x00007ffda7e31000 	C:\windows\SYSTEM32\DBGHELP.DLL
0x00007ffd8af30000 - 0x00007ffd8af61000 	C:\windows\SYSTEM32\dbgcore.DLL
0x00007ffdaafe0000 - 0x00007ffdab05f000 	C:\windows\System32\bcryptPrimitives.dll
0x00007ffd731f0000 - 0x00007ffd73215000 	C:\Program Files\Java\jdk-18.0.2.1\bin\java.dll

dbghelp: loaded successfully - version: 4.0.5 - missing functions: none
symbol engine: initialized successfully - sym options: 0x614 - pdb path: .;C:\Program Files\Java\jdk-18.0.2.1\bin;C:\windows\SYSTEM32;C:\windows\WinSxS\amd64_microsoft.windows.common-controls_6595b64144ccf1df_6.0.22000.120_none_9d947278b86cc467;C:\Program Files\Java\jdk-18.0.2.1\bin\server

VM Arguments:
jvm_args: -Dfile.encoding=UTF-8 -XX:+ShowCodeDetailsInExceptionMessages 
java_command: org.tnsif.ddecisionmaking.NestedIf
java_class_path (initial): C:\Users\heman\git\TNS\days2\bin
Launcher Type: SUN_STANDARD

[Global flags]
     intx CICompilerCount                          = 4                                         {product} {ergonomic}
     uint ConcGCThreads                            = 2                                         {product} {ergonomic}
     uint G1ConcRefinementThreads                  = 8                                         {product} {ergonomic}
   size_t G1HeapRegionSize                         = 1048576                                   {product} {ergonomic}
    uintx GCDrainStackTargetSize                   = 64                                        {product} {ergonomic}
   size_t InitialHeapSize                          = 130023424                                 {product} {ergonomic}
   size_t MarkStackSize                            = 4194304                                   {product} {ergonomic}
   size_t MaxHeapSize                              = 2055208960                                {product} {ergonomic}
   size_t MinHeapDeltaBytes                        = 1048576                                   {product} {ergonomic}
   size_t MinHeapSize                              = 8388608                                   {product} {ergonomic}
    uintx NonNMethodCodeHeapSize                   = 5839372                                {pd product} {ergonomic}
    uintx NonProfiledCodeHeapSize                  = 122909434                              {pd product} {ergonomic}
    uintx ProfiledCodeHeapSize                     = 122909434                              {pd product} {ergonomic}
    uintx ReservedCodeCacheSize                    = 251658240                              {pd product} {ergonomic}
     bool SegmentedCodeCache                       = true                                      {product} {ergonomic}
     bool ShowCodeDetailsInExceptionMessages       = true                                   {manageable} {command line}
   size_t SoftMaxHeapSize                          = 2055208960                             {manageable} {ergonomic}
     bool UseCompressedClassPointers               = true                           {product lp64_product} {ergonomic}
     bool UseCompressedOops                        = true                           {product lp64_product} {ergonomic}
     bool UseG1GC                                  = true                                      {product} {ergonomic}
     bool UseLargePagesIndividualAllocation        = false                                  {pd product} {ergonomic}

Logging:
Log output configuration:
 #0: stdout all=warning uptime,level,tags foldmultilines=false
 #1: stderr all=off uptime,level,tags foldmultilines=false

Environment Variables:
PATH=C:\Program Files\Common Files\Oracle\Java\javapath;C:\windows\system32;C:\windows;C:\windows\System32\Wbem;C:\windows\System32\WindowsPowerShell\v1.0\;C:\windows\System32\OpenSSH\;C:\MinGW\bin;C:\Program Files\Java\jdk-18\bin;C:\Program Files\Git\cmd;C:\Program Files (x86)\Microsoft VS Code\bin;C:\Program Files\dotnet\;C:\Program Files\nodejs\;C:\ProgramData\chocolatey\bin;C:\Program Files\PowerShell\7\;C:\Program Files\MySQL\MySQL Server 8.0\bin;C:\Program Files\MySQL\MySQL Shell 8.0\bin\;C:\Users\heman\AppData\Local\Programs\Python\Python311\Scripts\;C:\Users\heman\AppData\Local\Programs\Python\Python311\;C:\Users\heman\AppData\Local\Microsoft\WindowsApps;C:\Users\heman\.dotnet\tools;C:\Program Files\JetBrains\IntelliJ IDEA Community Edition 2022.3\bin;;C:\Users\heman\AppData\Roaming\npm;C:\Program Files\JetBrains\PyCharm Community Edition 2023.1.2\bin;
USERNAME=heman
OS=Windows_NT
PROCESSOR_IDENTIFIER=Intel64 Family 6 Model 140 Stepping 1, GenuineIntel



---------------  S Y S T E M  ---------------

OS:
 Windows 11 , 64 bit Build 22000 (10.0.22000.1516)
OS uptime: 3 days 17:28 hours
Hyper-V role detected

CPU: total 8 (initial active 8) (4 cores per cpu, 2 threads per core) family 6 model 140 stepping 1 microcode 0x9a, cx8, cmov, fxsr, ht, mmx, 3dnowpref, sse, sse2, sse3, ssse3, sse4.1, sse4.2, popcnt, lzcnt, tsc, tscinvbit, avx, avx2, aes, erms, clmul, bmi1, bmi2, adx, avx512f, avx512dq, avx512cd, avx512bw, avx512vl, sha, fma, vzeroupper, avx512_vpopcntdq, avx512_vpclmulqdq, avx512_vaes, avx512_vnni, clflush, clflushopt, clwb, avx512_vbmi2, avx512_vbmi, hv

Memory: 4k page, system-wide physical 7834M (1735M free)
TotalPageFile size 10024M (AvailPageFile size 39M)
current process WorkingSet (physical memory assigned to process): 10M, peak: 10M
current process commit charge ("private bytes"): 60M, peak: 184M

vm_info: Java HotSpot(TM) 64-Bit Server VM (18.0.2.1+1-1) for windows-amd64 JRE (18.0.2.1+1-1), built on Aug 16 2022 01:46:33 by "mach5one" with MS VC++ 16.8 / 16.9 (VS2019)

END.
